Arguments: 
  /usr/local/bin/node /usr/local/bin/yarn

PATH: 
  /Users/finup/.autojump/bin:/usr/local/opt/apr-util/bin:/Users/finup/.autojump/bin:/usr/local/bin:/usr/bin:/bin:/usr/sbin:/sbin:/usr/local/share/dotnet:~/.dotnet/tools:/Library/Frameworks/Mono.framework/Versions/Current/Commands:/opt/ImageMagick/bin:/Users/finup/.autojump/bin:/usr/local/opt/apr-util/bin

Yarn version: 
  1.17.3

Node version: 
  12.18.2

Platform: 
  darwin x64

Trace: 
  Error: EINVAL: invalid argument, unlink '/Users/finup/zhaoyan/code/kaikeba/self/react-related/dva-quickstart/node_modules/svgo/node_modules/js-yaml'

npm manifest: 
  {
    "private": true,
    "scripts": {
      "start": "roadhog server",
      "build": "roadhog build",
      "lint": "eslint --ext .js src test",
      "precommit": "npm run lint"
    },
    "dependencies": {
      "dva": "^2.4.1",
      "react": "^16.2.0",
      "react-dom": "^16.2.0"
    },
    "devDependencies": {
      "babel-plugin-dva-hmr": "^0.3.2",
      "eslint": "^4.14.0",
      "eslint-config-umi": "^0.1.1",
      "eslint-plugin-flowtype": "^2.34.1",
      "eslint-plugin-import": "^2.6.0",
      "eslint-plugin-jsx-a11y": "^5.1.1",
      "eslint-plugin-react": "^7.1.0",
      "husky": "^0.12.0",
      "redbox-react": "^1.4.3",
      "roadhog": "^2.5.0-beta.4"
    }
  }

yarn manifest: 
  No manifest

Lockfile: 
  No lockfile
